<?xml version="1.0" encoding="UTF-8"?>
<!-- Generated by org.testng.reporters.JUnitReportReporter -->
<testsuite hostname="DESKTOP-U4I4R8J" name="com.STAF.TestScripts.User_Test" tests="1" failures="0" timestamp="30 Jun 2018 20:35:18 GMT" time="4.203" errors="0">
  <testcase name="createUserTest" time="4.203" classname="com.STAF.TestScripts.User_Test"/>
</testsuite> <!-- com.STAF.TestScripts.User_Test -->
